================================================================================
SIMULATION: Alpha-Beta (depth 5) vs Random (depth 3)
Games: 1 | Time: 2026-02-02T12:53:27.224842500
================================================================================

Game 1 | WHITE_WINS
Moves: 41 | Time: 4065ms | Nodes: 3070780
  1. b2b3 | 91ms | 39319 nodes | 10772KB
  2. g8h6 | 0ms | 20 nodes | 0KB
  3. a2a4 | 90ms | 63898 nodes | 13256KB
  4. d7d6 | 0ms | 20 nodes | 0KB
  5. a4a5 | 97ms | 75869 nodes | -42416KB
  6. a7a6 | 0ms | 26 nodes | 0KB
  7. d2d4 | 138ms | 110166 nodes | 25143KB
  8. d8d7 | 0ms | 25 nodes | 0KB
  9. d4d5 | 362ms | 307205 nodes | 64446KB
  10. h8g8 | 0ms | 25 nodes | 0KB
  11. c2c4 | 500ms | 400910 nodes | -31366KB
  12. a8a7 | 0ms | 24 nodes | 0KB
  13. c1g5 | 585ms | 439892 nodes | -36247KB
  14. e8d8 | 0ms | 23 nodes | 0KB
  15. f2f3 | 397ms | 225542 nodes | 75006KB
  16. g8h8 | 0ms | 21 nodes | 0KB
  17. g5h6 | 146ms | 105745 nodes | 27650KB
  18. d7e8 | 0ms | 23 nodes | 0KB
  19. h6g5 | 92ms | 52958 nodes | -128660KB
  20. e8b5 | 0ms | 23 nodes | 0KB
  21. c4b5 | 201ms | 105520 nodes | 40382KB
  22. c8d7 | 0ms | 20 nodes | 0KB
  23. b5a6 | 145ms | 120087 nodes | 27734KB
  24. b8c6 | 0ms | 26 nodes | 0KB
  25. d5c6 | 90ms | 75422 nodes | 16937KB
  26. d7c8 | 0ms | 22 nodes | 0KB
  27. a6b7 | 169ms | 161491 nodes | 31828KB
  28. h7h6 | 0ms | 18 nodes | 0KB
  29. g5e3 | 133ms | 107764 nodes | -120083KB
  30. e7e6 | 0ms | 21 nodes | 0KB
  31. e3a7 | 90ms | 72855 nodes | 15204KB
  32. c8b7 | 0ms | 14 nodes | 0KB
  33. c6b7 | 72ms | 69650 nodes | 13403KB
  34. d8e8 | 0ms | 15 nodes | 0KB
  35. a7b8 | 42ms | 53585 nodes | 7520KB
  36. g7g6 | 0ms | 15 nodes | 0KB
  37. b8c7 | 50ms | 55365 nodes | 8546KB
  38. f8g7 | 0ms | 12 nodes | 0KB
  39. d1d6 | 558ms | 407944 nodes | -21460KB
  40. e6e5 | 0ms | 15 nodes | 0KB
  41. d6d8 | 17ms | 19185 nodes | 3179KB

================================================================================
SUMMARY
--------------------------------------------------------------------------------
Total Games: 1
White Wins: 1
Black Wins: 0
Draws: 0
Total Nodes: 3070780
Avg Nodes/Game: 3070780
Avg Time/Game: 4065ms
Avg Memory/Game: 75007KB
================================================================================
